# ******************************************************
# PLUTO 4.4-patch2 Grid File
# Generated on  Sun Jun  5 15:06:21 2022
# 
# DIMENSIONS: 2
# GEOMETRY:   POLAR
# X1: [ 0.400000,  2.000000], 150 point(s), 2 ghosts
# X2: [ 0.000000,  6.283185], 256 point(s), 2 ghosts
# ******************************************************
150 
 1   4.000000000000e-01    4.106666666667e-01
 2   4.106666666667e-01    4.213333333333e-01
 3   4.213333333333e-01    4.320000000000e-01
 4   4.320000000000e-01    4.426666666667e-01
 5   4.426666666667e-01    4.533333333333e-01
 6   4.533333333333e-01    4.640000000000e-01
 7   4.640000000000e-01    4.746666666667e-01
 8   4.746666666667e-01    4.853333333333e-01
 9   4.853333333333e-01    4.960000000000e-01
 10   4.960000000000e-01    5.066666666667e-01
 11   5.066666666667e-01    5.173333333333e-01
 12   5.173333333333e-01    5.280000000000e-01
 13   5.280000000000e-01    5.386666666667e-01
 14   5.386666666667e-01    5.493333333333e-01
 15   5.493333333333e-01    5.600000000000e-01
 16   5.600000000000e-01    5.706666666667e-01
 17   5.706666666667e-01    5.813333333333e-01
 18   5.813333333333e-01    5.920000000000e-01
 19   5.920000000000e-01    6.026666666667e-01
 20   6.026666666667e-01    6.133333333333e-01
 21   6.133333333333e-01    6.240000000000e-01
 22   6.240000000000e-01    6.346666666667e-01
 23   6.346666666667e-01    6.453333333333e-01
 24   6.453333333333e-01    6.560000000000e-01
 25   6.560000000000e-01    6.666666666667e-01
 26   6.666666666667e-01    6.773333333333e-01
 27   6.773333333333e-01    6.880000000000e-01
 28   6.880000000000e-01    6.986666666667e-01
 29   6.986666666667e-01    7.093333333333e-01
 30   7.093333333333e-01    7.200000000000e-01
 31   7.200000000000e-01    7.306666666667e-01
 32   7.306666666667e-01    7.413333333333e-01
 33   7.413333333333e-01    7.520000000000e-01
 34   7.520000000000e-01    7.626666666667e-01
 35   7.626666666667e-01    7.733333333333e-01
 36   7.733333333333e-01    7.840000000000e-01
 37   7.840000000000e-01    7.946666666667e-01
 38   7.946666666667e-01    8.053333333333e-01
 39   8.053333333333e-01    8.160000000000e-01
 40   8.160000000000e-01    8.266666666667e-01
 41   8.266666666667e-01    8.373333333333e-01
 42   8.373333333333e-01    8.480000000000e-01
 43   8.480000000000e-01    8.586666666667e-01
 44   8.586666666667e-01    8.693333333333e-01
 45   8.693333333333e-01    8.800000000000e-01
 46   8.800000000000e-01    8.906666666667e-01
 47   8.906666666667e-01    9.013333333333e-01
 48   9.013333333333e-01    9.120000000000e-01
 49   9.120000000000e-01    9.226666666667e-01
 50   9.226666666667e-01    9.333333333333e-01
 51   9.333333333333e-01    9.440000000000e-01
 52   9.440000000000e-01    9.546666666667e-01
 53   9.546666666667e-01    9.653333333333e-01
 54   9.653333333333e-01    9.760000000000e-01
 55   9.760000000000e-01    9.866666666667e-01
 56   9.866666666667e-01    9.973333333333e-01
 57   9.973333333333e-01    1.008000000000e+00
 58   1.008000000000e+00    1.018666666667e+00
 59   1.018666666667e+00    1.029333333333e+00
 60   1.029333333333e+00    1.040000000000e+00
 61   1.040000000000e+00    1.050666666667e+00
 62   1.050666666667e+00    1.061333333333e+00
 63   1.061333333333e+00    1.072000000000e+00
 64   1.072000000000e+00    1.082666666667e+00
 65   1.082666666667e+00    1.093333333333e+00
 66   1.093333333333e+00    1.104000000000e+00
 67   1.104000000000e+00    1.114666666667e+00
 68   1.114666666667e+00    1.125333333333e+00
 69   1.125333333333e+00    1.136000000000e+00
 70   1.136000000000e+00    1.146666666667e+00
 71   1.146666666667e+00    1.157333333333e+00
 72   1.157333333333e+00    1.168000000000e+00
 73   1.168000000000e+00    1.178666666667e+00
 74   1.178666666667e+00    1.189333333333e+00
 75   1.189333333333e+00    1.200000000000e+00
 76   1.200000000000e+00    1.210666666667e+00
 77   1.210666666667e+00    1.221333333333e+00
 78   1.221333333333e+00    1.232000000000e+00
 79   1.232000000000e+00    1.242666666667e+00
 80   1.242666666667e+00    1.253333333333e+00
 81   1.253333333333e+00    1.264000000000e+00
 82   1.264000000000e+00    1.274666666667e+00
 83   1.274666666667e+00    1.285333333333e+00
 84   1.285333333333e+00    1.296000000000e+00
 85   1.296000000000e+00    1.306666666667e+00
 86   1.306666666667e+00    1.317333333333e+00
 87   1.317333333333e+00    1.328000000000e+00
 88   1.328000000000e+00    1.338666666667e+00
 89   1.338666666667e+00    1.349333333333e+00
 90   1.349333333333e+00    1.360000000000e+00
 91   1.360000000000e+00    1.370666666667e+00
 92   1.370666666667e+00    1.381333333333e+00
 93   1.381333333333e+00    1.392000000000e+00
 94   1.392000000000e+00    1.402666666667e+00
 95   1.402666666667e+00    1.413333333333e+00
 96   1.413333333333e+00    1.424000000000e+00
 97   1.424000000000e+00    1.434666666667e+00
 98   1.434666666667e+00    1.445333333333e+00
 99   1.445333333333e+00    1.456000000000e+00
 100   1.456000000000e+00    1.466666666667e+00
 101   1.466666666667e+00    1.477333333333e+00
 102   1.477333333333e+00    1.488000000000e+00
 103   1.488000000000e+00    1.498666666667e+00
 104   1.498666666667e+00    1.509333333333e+00
 105   1.509333333333e+00    1.520000000000e+00
 106   1.520000000000e+00    1.530666666667e+00
 107   1.530666666667e+00    1.541333333333e+00
 108   1.541333333333e+00    1.552000000000e+00
 109   1.552000000000e+00    1.562666666667e+00
 110   1.562666666667e+00    1.573333333333e+00
 111   1.573333333333e+00    1.584000000000e+00
 112   1.584000000000e+00    1.594666666667e+00
 113   1.594666666667e+00    1.605333333333e+00
 114   1.605333333333e+00    1.616000000000e+00
 115   1.616000000000e+00    1.626666666667e+00
 116   1.626666666667e+00    1.637333333333e+00
 117   1.637333333333e+00    1.648000000000e+00
 118   1.648000000000e+00    1.658666666667e+00
 119   1.658666666667e+00    1.669333333333e+00
 120   1.669333333333e+00    1.680000000000e+00
 121   1.680000000000e+00    1.690666666667e+00
 122   1.690666666667e+00    1.701333333333e+00
 123   1.701333333333e+00    1.712000000000e+00
 124   1.712000000000e+00    1.722666666667e+00
 125   1.722666666667e+00    1.733333333333e+00
 126   1.733333333333e+00    1.744000000000e+00
 127   1.744000000000e+00    1.754666666667e+00
 128   1.754666666667e+00    1.765333333333e+00
 129   1.765333333333e+00    1.776000000000e+00
 130   1.776000000000e+00    1.786666666667e+00
 131   1.786666666667e+00    1.797333333333e+00
 132   1.797333333333e+00    1.808000000000e+00
 133   1.808000000000e+00    1.818666666667e+00
 134   1.818666666667e+00    1.829333333333e+00
 135   1.829333333333e+00    1.840000000000e+00
 136   1.840000000000e+00    1.850666666667e+00
 137   1.850666666667e+00    1.861333333333e+00
 138   1.861333333333e+00    1.872000000000e+00
 139   1.872000000000e+00    1.882666666667e+00
 140   1.882666666667e+00    1.893333333333e+00
 141   1.893333333333e+00    1.904000000000e+00
 142   1.904000000000e+00    1.914666666667e+00
 143   1.914666666667e+00    1.925333333333e+00
 144   1.925333333333e+00    1.936000000000e+00
 145   1.936000000000e+00    1.946666666667e+00
 146   1.946666666667e+00    1.957333333333e+00
 147   1.957333333333e+00    1.968000000000e+00
 148   1.968000000000e+00    1.978666666667e+00
 149   1.978666666667e+00    1.989333333333e+00
 150   1.989333333333e+00    2.000000000000e+00
256 
 1   0.000000000000e+00    2.454369260547e-02
 2   2.454369260547e-02    4.908738521094e-02
 3   4.908738521094e-02    7.363107781641e-02
 4   7.363107781641e-02    9.817477042188e-02
 5   9.817477042188e-02    1.227184630273e-01
 6   1.227184630273e-01    1.472621556328e-01
 7   1.472621556328e-01    1.718058482383e-01
 8   1.718058482383e-01    1.963495408438e-01
 9   1.963495408438e-01    2.208932334492e-01
 10   2.208932334492e-01    2.454369260547e-01
 11   2.454369260547e-01    2.699806186602e-01
 12   2.699806186602e-01    2.945243112656e-01
 13   2.945243112656e-01    3.190680038711e-01
 14   3.190680038711e-01    3.436116964766e-01
 15   3.436116964766e-01    3.681553890820e-01
 16   3.681553890820e-01    3.926990816875e-01
 17   3.926990816875e-01    4.172427742930e-01
 18   4.172427742930e-01    4.417864668984e-01
 19   4.417864668984e-01    4.663301595039e-01
 20   4.663301595039e-01    4.908738521094e-01
 21   4.908738521094e-01    5.154175447148e-01
 22   5.154175447148e-01    5.399612373203e-01
 23   5.399612373203e-01    5.645049299258e-01
 24   5.645049299258e-01    5.890486225313e-01
 25   5.890486225313e-01    6.135923151367e-01
 26   6.135923151367e-01    6.381360077422e-01
 27   6.381360077422e-01    6.626797003477e-01
 28   6.626797003477e-01    6.872233929531e-01
 29   6.872233929531e-01    7.117670855586e-01
 30   7.117670855586e-01    7.363107781641e-01
 31   7.363107781641e-01    7.608544707695e-01
 32   7.608544707695e-01    7.853981633750e-01
 33   7.853981633750e-01    8.099418559805e-01
 34   8.099418559805e-01    8.344855485859e-01
 35   8.344855485859e-01    8.590292411914e-01
 36   8.590292411914e-01    8.835729337969e-01
 37   8.835729337969e-01    9.081166264023e-01
 38   9.081166264023e-01    9.326603190078e-01
 39   9.326603190078e-01    9.572040116133e-01
 40   9.572040116133e-01    9.817477042188e-01
 41   9.817477042188e-01    1.006291396824e+00
 42   1.006291396824e+00    1.030835089430e+00
 43   1.030835089430e+00    1.055378782035e+00
 44   1.055378782035e+00    1.079922474641e+00
 45   1.079922474641e+00    1.104466167246e+00
 46   1.104466167246e+00    1.129009859852e+00
 47   1.129009859852e+00    1.153553552457e+00
 48   1.153553552457e+00    1.178097245063e+00
 49   1.178097245063e+00    1.202640937668e+00
 50   1.202640937668e+00    1.227184630273e+00
 51   1.227184630273e+00    1.251728322879e+00
 52   1.251728322879e+00    1.276272015484e+00
 53   1.276272015484e+00    1.300815708090e+00
 54   1.300815708090e+00    1.325359400695e+00
 55   1.325359400695e+00    1.349903093301e+00
 56   1.349903093301e+00    1.374446785906e+00
 57   1.374446785906e+00    1.398990478512e+00
 58   1.398990478512e+00    1.423534171117e+00
 59   1.423534171117e+00    1.448077863723e+00
 60   1.448077863723e+00    1.472621556328e+00
 61   1.472621556328e+00    1.497165248934e+00
 62   1.497165248934e+00    1.521708941539e+00
 63   1.521708941539e+00    1.546252634145e+00
 64   1.546252634145e+00    1.570796326750e+00
 65   1.570796326750e+00    1.595340019355e+00
 66   1.595340019355e+00    1.619883711961e+00
 67   1.619883711961e+00    1.644427404566e+00
 68   1.644427404566e+00    1.668971097172e+00
 69   1.668971097172e+00    1.693514789777e+00
 70   1.693514789777e+00    1.718058482383e+00
 71   1.718058482383e+00    1.742602174988e+00
 72   1.742602174988e+00    1.767145867594e+00
 73   1.767145867594e+00    1.791689560199e+00
 74   1.791689560199e+00    1.816233252805e+00
 75   1.816233252805e+00    1.840776945410e+00
 76   1.840776945410e+00    1.865320638016e+00
 77   1.865320638016e+00    1.889864330621e+00
 78   1.889864330621e+00    1.914408023227e+00
 79   1.914408023227e+00    1.938951715832e+00
 80   1.938951715832e+00    1.963495408438e+00
 81   1.963495408438e+00    1.988039101043e+00
 82   1.988039101043e+00    2.012582793648e+00
 83   2.012582793648e+00    2.037126486254e+00
 84   2.037126486254e+00    2.061670178859e+00
 85   2.061670178859e+00    2.086213871465e+00
 86   2.086213871465e+00    2.110757564070e+00
 87   2.110757564070e+00    2.135301256676e+00
 88   2.135301256676e+00    2.159844949281e+00
 89   2.159844949281e+00    2.184388641887e+00
 90   2.184388641887e+00    2.208932334492e+00
 91   2.208932334492e+00    2.233476027098e+00
 92   2.233476027098e+00    2.258019719703e+00
 93   2.258019719703e+00    2.282563412309e+00
 94   2.282563412309e+00    2.307107104914e+00
 95   2.307107104914e+00    2.331650797520e+00
 96   2.331650797520e+00    2.356194490125e+00
 97   2.356194490125e+00    2.380738182730e+00
 98   2.380738182730e+00    2.405281875336e+00
 99   2.405281875336e+00    2.429825567941e+00
 100   2.429825567941e+00    2.454369260547e+00
 101   2.454369260547e+00    2.478912953152e+00
 102   2.478912953152e+00    2.503456645758e+00
 103   2.503456645758e+00    2.528000338363e+00
 104   2.528000338363e+00    2.552544030969e+00
 105   2.552544030969e+00    2.577087723574e+00
 106   2.577087723574e+00    2.601631416180e+00
 107   2.601631416180e+00    2.626175108785e+00
 108   2.626175108785e+00    2.650718801391e+00
 109   2.650718801391e+00    2.675262493996e+00
 110   2.675262493996e+00    2.699806186602e+00
 111   2.699806186602e+00    2.724349879207e+00
 112   2.724349879207e+00    2.748893571813e+00
 113   2.748893571813e+00    2.773437264418e+00
 114   2.773437264418e+00    2.797980957023e+00
 115   2.797980957023e+00    2.822524649629e+00
 116   2.822524649629e+00    2.847068342234e+00
 117   2.847068342234e+00    2.871612034840e+00
 118   2.871612034840e+00    2.896155727445e+00
 119   2.896155727445e+00    2.920699420051e+00
 120   2.920699420051e+00    2.945243112656e+00
 121   2.945243112656e+00    2.969786805262e+00
 122   2.969786805262e+00    2.994330497867e+00
 123   2.994330497867e+00    3.018874190473e+00
 124   3.018874190473e+00    3.043417883078e+00
 125   3.043417883078e+00    3.067961575684e+00
 126   3.067961575684e+00    3.092505268289e+00
 127   3.092505268289e+00    3.117048960895e+00
 128   3.117048960895e+00    3.141592653500e+00
 129   3.141592653500e+00    3.166136346105e+00
 130   3.166136346105e+00    3.190680038711e+00
 131   3.190680038711e+00    3.215223731316e+00
 132   3.215223731316e+00    3.239767423922e+00
 133   3.239767423922e+00    3.264311116527e+00
 134   3.264311116527e+00    3.288854809133e+00
 135   3.288854809133e+00    3.313398501738e+00
 136   3.313398501738e+00    3.337942194344e+00
 137   3.337942194344e+00    3.362485886949e+00
 138   3.362485886949e+00    3.387029579555e+00
 139   3.387029579555e+00    3.411573272160e+00
 140   3.411573272160e+00    3.436116964766e+00
 141   3.436116964766e+00    3.460660657371e+00
 142   3.460660657371e+00    3.485204349977e+00
 143   3.485204349977e+00    3.509748042582e+00
 144   3.509748042582e+00    3.534291735188e+00
 145   3.534291735187e+00    3.558835427793e+00
 146   3.558835427793e+00    3.583379120398e+00
 147   3.583379120398e+00    3.607922813004e+00
 148   3.607922813004e+00    3.632466505609e+00
 149   3.632466505609e+00    3.657010198215e+00
 150   3.657010198215e+00    3.681553890820e+00
 151   3.681553890820e+00    3.706097583426e+00
 152   3.706097583426e+00    3.730641276031e+00
 153   3.730641276031e+00    3.755184968637e+00
 154   3.755184968637e+00    3.779728661242e+00
 155   3.779728661242e+00    3.804272353848e+00
 156   3.804272353848e+00    3.828816046453e+00
 157   3.828816046453e+00    3.853359739059e+00
 158   3.853359739059e+00    3.877903431664e+00
 159   3.877903431664e+00    3.902447124270e+00
 160   3.902447124270e+00    3.926990816875e+00
 161   3.926990816875e+00    3.951534509480e+00
 162   3.951534509480e+00    3.976078202086e+00
 163   3.976078202086e+00    4.000621894691e+00
 164   4.000621894691e+00    4.025165587297e+00
 165   4.025165587297e+00    4.049709279902e+00
 166   4.049709279902e+00    4.074252972508e+00
 167   4.074252972508e+00    4.098796665113e+00
 168   4.098796665113e+00    4.123340357719e+00
 169   4.123340357719e+00    4.147884050324e+00
 170   4.147884050324e+00    4.172427742930e+00
 171   4.172427742930e+00    4.196971435535e+00
 172   4.196971435535e+00    4.221515128141e+00
 173   4.221515128141e+00    4.246058820746e+00
 174   4.246058820746e+00    4.270602513352e+00
 175   4.270602513352e+00    4.295146205957e+00
 176   4.295146205957e+00    4.319689898562e+00
 177   4.319689898563e+00    4.344233591168e+00
 178   4.344233591168e+00    4.368777283773e+00
 179   4.368777283773e+00    4.393320976379e+00
 180   4.393320976379e+00    4.417864668984e+00
 181   4.417864668984e+00    4.442408361590e+00
 182   4.442408361590e+00    4.466952054195e+00
 183   4.466952054195e+00    4.491495746801e+00
 184   4.491495746801e+00    4.516039439406e+00
 185   4.516039439406e+00    4.540583132012e+00
 186   4.540583132012e+00    4.565126824617e+00
 187   4.565126824617e+00    4.589670517223e+00
 188   4.589670517223e+00    4.614214209828e+00
 189   4.614214209828e+00    4.638757902434e+00
 190   4.638757902434e+00    4.663301595039e+00
 191   4.663301595039e+00    4.687845287645e+00
 192   4.687845287645e+00    4.712388980250e+00
 193   4.712388980250e+00    4.736932672855e+00
 194   4.736932672855e+00    4.761476365461e+00
 195   4.761476365461e+00    4.786020058066e+00
 196   4.786020058066e+00    4.810563750672e+00
 197   4.810563750672e+00    4.835107443277e+00
 198   4.835107443277e+00    4.859651135883e+00
 199   4.859651135883e+00    4.884194828488e+00
 200   4.884194828488e+00    4.908738521094e+00
 201   4.908738521094e+00    4.933282213699e+00
 202   4.933282213699e+00    4.957825906305e+00
 203   4.957825906305e+00    4.982369598910e+00
 204   4.982369598910e+00    5.006913291516e+00
 205   5.006913291516e+00    5.031456984121e+00
 206   5.031456984121e+00    5.056000676727e+00
 207   5.056000676727e+00    5.080544369332e+00
 208   5.080544369332e+00    5.105088061937e+00
 209   5.105088061937e+00    5.129631754543e+00
 210   5.129631754543e+00    5.154175447148e+00
 211   5.154175447148e+00    5.178719139754e+00
 212   5.178719139754e+00    5.203262832359e+00
 213   5.203262832359e+00    5.227806524965e+00
 214   5.227806524965e+00    5.252350217570e+00
 215   5.252350217570e+00    5.276893910176e+00
 216   5.276893910176e+00    5.301437602781e+00
 217   5.301437602781e+00    5.325981295387e+00
 218   5.325981295387e+00    5.350524987992e+00
 219   5.350524987992e+00    5.375068680598e+00
 220   5.375068680598e+00    5.399612373203e+00
 221   5.399612373203e+00    5.424156065809e+00
 222   5.424156065809e+00    5.448699758414e+00
 223   5.448699758414e+00    5.473243451020e+00
 224   5.473243451020e+00    5.497787143625e+00
 225   5.497787143625e+00    5.522330836230e+00
 226   5.522330836230e+00    5.546874528836e+00
 227   5.546874528836e+00    5.571418221441e+00
 228   5.571418221441e+00    5.595961914047e+00
 229   5.595961914047e+00    5.620505606652e+00
 230   5.620505606652e+00    5.645049299258e+00
 231   5.645049299258e+00    5.669592991863e+00
 232   5.669592991863e+00    5.694136684469e+00
 233   5.694136684469e+00    5.718680377074e+00
 234   5.718680377074e+00    5.743224069680e+00
 235   5.743224069680e+00    5.767767762285e+00
 236   5.767767762285e+00    5.792311454891e+00
 237   5.792311454891e+00    5.816855147496e+00
 238   5.816855147496e+00    5.841398840102e+00
 239   5.841398840102e+00    5.865942532707e+00
 240   5.865942532707e+00    5.890486225312e+00
 241   5.890486225313e+00    5.915029917918e+00
 242   5.915029917918e+00    5.939573610523e+00
 243   5.939573610523e+00    5.964117303129e+00
 244   5.964117303129e+00    5.988660995734e+00
 245   5.988660995734e+00    6.013204688340e+00
 246   6.013204688340e+00    6.037748380945e+00
 247   6.037748380945e+00    6.062292073551e+00
 248   6.062292073551e+00    6.086835766156e+00
 249   6.086835766156e+00    6.111379458762e+00
 250   6.111379458762e+00    6.135923151367e+00
 251   6.135923151367e+00    6.160466843973e+00
 252   6.160466843973e+00    6.185010536578e+00
 253   6.185010536578e+00    6.209554229184e+00
 254   6.209554229184e+00    6.234097921789e+00
 255   6.234097921789e+00    6.258641614395e+00
 256   6.258641614395e+00    6.283185307000e+00
1 
 1   -1.000000000000e+00    1.000000000000e+00
